[1023/202029.970:ERROR:directory_reader_win.cc(43)] FindFirstFile: The system cannot find the path specified. (0x3)
[1023/230016.263:ERROR:process_reader_win.cc(123)] NtOpenThread: {Access Denied} A process has requested access to an object, but has not been granted those access rights. (0xc0000022)
[1023/230016.263:ERROR:process_reader_win.cc(123)] NtOpenThread: {Access Denied} A process has requested access to an object, but has not been granted those access rights. (0xc0000022)
[1023/230016.373:ERROR:exception_snapshot_win.cc(99)] thread ID 5844 not found in process
[1023/230016.373:ERROR:exception_snapshot_win.cc(99)] thread ID 152 not found in process
[1024/210637.128:ERROR:directory_reader_win.cc(43)] FindFirstFile: The system cannot find the path specified. (0x3)
[1025/064329.108:ERROR:directory_reader_win.cc(43)] FindFirstFile: The system cannot find the path specified. (0x3)
[1025/090859.867:ERROR:directory_reader_win.cc(43)] FindFirstFile: The system cannot find the path specified. (0x3)
[1025/102606.445:ERROR:process_reader_win.cc(151)] SuspendThread: Access is denied. (0x5)
[1025/102606.445:ERROR:process_reader_win.cc(151)] SuspendThread: Access is denied. (0x5)
[1025/102606.445:ERROR:process_reader_win.cc(151)] SuspendThread: Access is denied. (0x5)
[1025/102606.445:ERROR:process_reader_win.cc(151)] SuspendThread: Access is denied. (0x5)
[1025/102606.445:ERROR:process_reader_win.cc(151)] SuspendThread: Access is denied. (0x5)
[1025/102606.445:ERROR:process_reader_win.cc(151)] SuspendThread: Access is denied. (0x5)
[1025/102606.445:ERROR:process_reader_win.cc(151)] SuspendThread: Access is denied. (0x5)
[1025/102606.445:ERROR:process_reader_win.cc(151)] SuspendThread: Access is denied. (0x5)
[1025/102606.445:ERROR:process_reader_win.cc(151)] SuspendThread: Access is denied. (0x5)
[1025/102606.445:ERROR:process_reader_win.cc(151)] SuspendThread: Access is denied. (0x5)
[1025/102606.445:ERROR:process_reader_win.cc(151)] SuspendThread: Access is denied. (0x5)
[1025/102606.445:ERROR:process_reader_win.cc(151)] SuspendThread: Access is denied. (0x5)
[1025/102606.461:ERROR:process_reader_win.cc(151)] SuspendThread: Access is denied. (0x5)
[1025/102606.461:ERROR:process_reader_win.cc(151)] SuspendThread: Access is denied. (0x5)
[1025/102606.461:ERROR:process_reader_win.cc(151)] SuspendThread: Access is denied. (0x5)
[1025/102606.461:ERROR:process_reader_win.cc(151)] SuspendThread: Access is denied. (0x5)
[1025/102606.461:ERROR:process_reader_win.cc(151)] SuspendThread: Access is denied. (0x5)
[1025/102606.461:ERROR:process_reader_win.cc(151)] SuspendThread: Access is denied. (0x5)
[1025/102606.461:ERROR:process_reader_win.cc(151)] SuspendThread: Access is denied. (0x5)
[1025/102606.469:ERROR:process_reader_win.cc(151)] SuspendThread: Access is denied. (0x5)
[1025/102606.469:ERROR:process_reader_win.cc(151)] SuspendThread: Access is denied. (0x5)
[1025/102606.469:ERROR:process_reader_win.cc(151)] SuspendThread: Access is denied. (0x5)
[1025/102606.469:ERROR:process_reader_win.cc(151)] SuspendThread: Access is denied. (0x5)
[1025/102606.469:ERROR:process_reader_win.cc(151)] SuspendThread: Access is denied. (0x5)
[1025/102606.469:ERROR:process_reader_win.cc(123)] NtOpenThread: {Access Denied} A process has requested access to an object, but has not been granted those access rights. (0xc0000022)
[1025/102606.501:ERROR:exception_snapshot_win.cc(99)] thread ID 8956 not found in process
[1025/102606.445:ERROR:process_reader_win.cc(123)] NtOpenThread: {Access Denied} A process has requested access to an object, but has not been granted those access rights. (0xc0000022)
[1025/102606.501:ERROR:exception_snapshot_win.cc(99)] thread ID 5240 not found in process
[1025/102606.559:ERROR:process_reader_win.cc(151)] SuspendThread: Access is denied. (0x5)
[1025/102606.559:ERROR:process_reader_win.cc(151)] SuspendThread: Access is denied. (0x5)
[1025/102606.559:ERROR:process_reader_win.cc(123)] NtOpenThread: {Access Denied} A process has requested access to an object, but has not been granted those access rights. (0xc0000022)
[1025/102606.559:ERROR:exception_snapshot_win.cc(99)] thread ID 7264 not found in process
[1025/173922.743:ERROR:directory_reader_win.cc(43)] FindFirstFile: The system cannot find the path specified. (0x3)
[1029/064427.988:ERROR:directory_reader_win.cc(43)] FindFirstFile: The system cannot find the path specified. (0x3)
[1030/073720.809:ERROR:directory_reader_win.cc(43)] FindFirstFile: The system cannot find the path specified. (0x3)
[1031/085303.248:ERROR:directory_reader_win.cc(43)] FindFirstFile: The system cannot find the path specified. (0x3)
[1031/190055.869:ERROR:directory_reader_win.cc(43)] FindFirstFile: The system cannot find the path specified. (0x3)
[1031/232755.749:ERROR:process_reader_win.cc(123)] NtOpenThread: {Access Denied} A process has requested access to an object, but has not been granted those access rights. (0xc0000022)
[1031/232755.781:ERROR:exception_snapshot_win.cc(99)] thread ID 4584 not found in process
[1101/073807.105:ERROR:directory_reader_win.cc(43)] FindFirstFile: The system cannot find the path specified. (0x3)
[1101/082620.922:ERROR:process_reader_win.cc(123)] NtOpenThread: {Access Denied} A process has requested access to an object, but has not been granted those access rights. (0xc0000022)
[1101/082621.047:ERROR:exception_snapshot_win.cc(99)] thread ID 6240 not found in process
[1101/121329.106:ERROR:directory_reader_win.cc(43)] FindFirstFile: The system cannot find the path specified. (0x3)
[1101/163017.122:ERROR:directory_reader_win.cc(43)] FindFirstFile: The system cannot find the path specified. (0x3)
[1101/200322.232:ERROR:directory_reader_win.cc(43)] FindFirstFile: The system cannot find the path specified. (0x3)
[1102/063229.344:ERROR:directory_reader_win.cc(43)] FindFirstFile: The system cannot find the path specified. (0x3)
[1102/191811.318:ERROR:process_reader_win.cc(151)] SuspendThread: Access is denied. (0x5)
[1102/191811.318:ERROR:process_reader_win.cc(151)] SuspendThread: Access is denied. (0x5)
[1102/191811.318:ERROR:process_reader_win.cc(151)] SuspendThread: Access is denied. (0x5)
[1102/191811.319:ERROR:process_reader_win.cc(151)] SuspendThread: Access is denied. (0x5)
[1102/191811.319:ERROR:process_reader_win.cc(151)] SuspendThread: Access is denied. (0x5)
[1102/191811.319:ERROR:process_reader_win.cc(151)] SuspendThread: Access is denied. (0x5)
[1102/191811.319:ERROR:process_reader_win.cc(151)] SuspendThread: Access is denied. (0x5)
[1102/191811.319:ERROR:process_reader_win.cc(151)] SuspendThread: Access is denied. (0x5)
[1102/191811.319:ERROR:process_reader_win.cc(151)] SuspendThread: Access is denied. (0x5)
[1102/191811.319:ERROR:process_reader_win.cc(151)] SuspendThread: Access is denied. (0x5)
[1102/191811.352:ERROR:process_reader_win.cc(151)] SuspendThread: Access is denied. (0x5)
[1102/191811.353:ERROR:process_reader_win.cc(151)] SuspendThread: Access is denied. (0x5)
[1102/191811.353:ERROR:process_reader_win.cc(151)] SuspendThread: Access is denied. (0x5)
[1102/191811.353:ERROR:process_reader_win.cc(151)] SuspendThread: Access is denied. (0x5)
[1102/191811.353:ERROR:process_reader_win.cc(151)] SuspendThread: Access is denied. (0x5)
[1102/191811.353:ERROR:process_reader_win.cc(151)] SuspendThread: Access is denied. (0x5)
[1102/191811.353:ERROR:process_reader_win.cc(151)] SuspendThread: Access is denied. (0x5)
[1102/191811.353:ERROR:process_reader_win.cc(151)] SuspendThread: Access is denied. (0x5)
[1102/191811.353:ERROR:process_reader_win.cc(151)] SuspendThread: Access is denied. (0x5)
[1102/191811.356:ERROR:process_reader_win.cc(151)] SuspendThread: Access is denied. (0x5)
[1102/191811.356:ERROR:process_reader_win.cc(151)] SuspendThread: Access is denied. (0x5)
[1102/191811.356:ERROR:process_reader_win.cc(151)] SuspendThread: Access is denied. (0x5)
[1102/191811.356:ERROR:process_reader_win.cc(151)] SuspendThread: Access is denied. (0x5)
[1102/191811.356:ERROR:process_reader_win.cc(151)] SuspendThread: Access is denied. (0x5)
[1102/191811.356:ERROR:process_reader_win.cc(151)] SuspendThread: Access is denied. (0x5)
[1102/191811.356:ERROR:process_reader_win.cc(151)] SuspendThread: Access is denied. (0x5)
[1102/191811.357:ERROR:process_reader_win.cc(151)] SuspendThread: Access is denied. (0x5)
[1102/191811.357:ERROR:process_reader_win.cc(151)] SuspendThread: Access is denied. (0x5)
[1102/191811.357:ERROR:process_reader_win.cc(151)] SuspendThread: Access is denied. (0x5)
[1102/191811.357:ERROR:process_reader_win.cc(151)] SuspendThread: Access is denied. (0x5)
[1102/191811.353:ERROR:process_reader_win.cc(123)] NtOpenThread: {Access Denied} A process has requested access to an object, but has not been granted those access rights. (0xc0000022)
[1102/191811.319:ERROR:process_reader_win.cc(123)] NtOpenThread: {Access Denied} A process has requested access to an object, but has not been granted those access rights. (0xc0000022)
[1102/191811.357:ERROR:process_reader_win.cc(123)] NtOpenThread: {Access Denied} A process has requested access to an object, but has not been granted those access rights. (0xc0000022)
[1102/191811.361:ERROR:exception_snapshot_win.cc(99)] thread ID 7468 not found in process
[1102/191811.361:ERROR:exception_snapshot_win.cc(99)] thread ID 4948 not found in process
[1102/191811.361:ERROR:exception_snapshot_win.cc(99)] thread ID 5656 not found in process
[1102/191811.434:ERROR:process_reader_win.cc(123)] NtOpenThread: {Access Denied} A process has requested access to an object, but has not been granted those access rights. (0xc0000022)
[1102/191811.435:ERROR:exception_snapshot_win.cc(99)] thread ID 3892 not found in process
[1102/191811.457:ERROR:process_reader_win.cc(151)] SuspendThread: Access is denied. (0x5)
[1102/191811.457:ERROR:process_reader_win.cc(151)] SuspendThread: Access is denied. (0x5)
[1102/191811.457:ERROR:process_reader_win.cc(151)] SuspendThread: Access is denied. (0x5)
[1102/191811.457:ERROR:process_reader_win.cc(151)] SuspendThread: Access is denied. (0x5)
[1102/191811.457:ERROR:process_reader_win.cc(151)] SuspendThread: Access is denied. (0x5)
[1102/191811.457:ERROR:process_reader_win.cc(151)] SuspendThread: Access is denied. (0x5)
[1102/191811.458:ERROR:process_reader_win.cc(151)] SuspendThread: Access is denied. (0x5)
[1102/191811.458:ERROR:process_reader_win.cc(151)] SuspendThread: Access is denied. (0x5)
[1102/191811.458:ERROR:process_reader_win.cc(151)] SuspendThread: Access is denied. (0x5)
[1102/191811.458:ERROR:process_reader_win.cc(123)] NtOpenThread: {Access Denied} A process has requested access to an object, but has not been granted those access rights. (0xc0000022)
[1102/191811.458:ERROR:exception_snapshot_win.cc(99)] thread ID 4680 not found in process
[1102/191811.478:ERROR:process_reader_win.cc(151)] SuspendThread: Access is denied. (0x5)
[1102/191811.478:ERROR:process_reader_win.cc(151)] SuspendThread: Access is denied. (0x5)
[1102/191811.478:ERROR:process_reader_win.cc(151)] SuspendThread: Access is denied. (0x5)
[1102/191811.478:ERROR:process_reader_win.cc(151)] SuspendThread: Access is denied. (0x5)
[1102/191811.478:ERROR:process_reader_win.cc(151)] SuspendThread: Access is denied. (0x5)
[1102/191811.478:ERROR:process_reader_win.cc(151)] SuspendThread: Access is denied. (0x5)
[1102/191811.478:ERROR:process_reader_win.cc(151)] SuspendThread: Access is denied. (0x5)
[1102/191811.478:ERROR:process_reader_win.cc(151)] SuspendThread: Access is denied. (0x5)
[1102/191811.478:ERROR:process_reader_win.cc(151)] SuspendThread: Access is denied. (0x5)
[1102/191811.478:ERROR:process_reader_win.cc(151)] SuspendThread: Access is denied. (0x5)
[1102/191811.478:ERROR:process_reader_win.cc(151)] SuspendThread: Access is denied. (0x5)
[1102/191811.479:ERROR:process_reader_win.cc(123)] NtOpenThread: {Access Denied} A process has requested access to an object, but has not been granted those access rights. (0xc0000022)
[1102/191811.479:ERROR:exception_snapshot_win.cc(99)] thread ID 7204 not found in process
[1103/112912.122:ERROR:directory_reader_win.cc(43)] FindFirstFile: The system cannot find the path specified. (0x3)
[1103/220108.218:ERROR:process_reader_win.cc(123)] NtOpenThread: {Access Denied} A process has requested access to an object, but has not been granted those access rights. (0xc0000022)
[1103/220108.218:ERROR:process_reader_win.cc(123)] NtOpenThread: {Access Denied} A process has requested access to an object, but has not been granted those access rights. (0xc0000022)
[1103/220108.187:ERROR:process_reader_win.cc(123)] NtOpenThread: {Access Denied} A process has requested access to an object, but has not been granted those access rights. (0xc0000022)
[1103/220108.233:ERROR:process_reader_win.cc(123)] NtOpenThread: {Access Denied} A process has requested access to an object, but has not been granted those access rights. (0xc0000022)
[1103/220108.280:ERROR:exception_snapshot_win.cc(99)] thread ID 9212 not found in process
[1103/220108.280:ERROR:exception_snapshot_win.cc(99)] thread ID 2008 not found in process
[1103/220108.280:ERROR:exception_snapshot_win.cc(99)] thread ID 5280 not found in process
[1103/220108.280:ERROR:exception_snapshot_win.cc(99)] thread ID 5564 not found in process
[1103/220108.312:ERROR:process_reader_win.cc(123)] NtOpenThread: {Access Denied} A process has requested access to an object, but has not been granted those access rights. (0xc0000022)
[1103/220108.312:ERROR:exception_snapshot_win.cc(99)] thread ID 8208 not found in process
[1104/032434.434:ERROR:directory_reader_win.cc(43)] FindFirstFile: The system cannot find the path specified. (0x3)
[1104/043851.854:ERROR:process_info.cc(329)] VirtualQueryEx: Access is denied. (0x5)
[1104/043851.854:ERROR:process_info.cc(556)] ReadMemoryInfo failed
[1104/043851.854:ERROR:process_memory_win.cc(39)] Failed to initialize ProcessInfo.
[1104/074947.005:ERROR:directory_reader_win.cc(43)] FindFirstFile: The system cannot find the path specified. (0x3)
[1105/055132.444:ERROR:directory_reader_win.cc(43)] FindFirstFile: The system cannot find the path specified. (0x3)
[1106/080447.273:ERROR:directory_reader_win.cc(43)] FindFirstFile: The system cannot find the path specified. (0x3)
[1106/084944.375:ERROR:process_info.cc(329)] VirtualQueryEx: Access is denied. (0x5)
[1106/084944.375:ERROR:process_info.cc(556)] ReadMemoryInfo failed
[1106/084944.375:ERROR:process_memory_win.cc(39)] Failed to initialize ProcessInfo.
[1106/084944.375:ERROR:scoped_process_suspend.cc(40)] NtResumeProcess: An attempt was made to access an exiting process. (0xc000010a)
[1106/192813.266:ERROR:directory_reader_win.cc(43)] FindFirstFile: The system cannot find the path specified. (0x3)
[1106/194704.589:ERROR:directory_reader_win.cc(43)] FindFirstFile: The system cannot find the path specified. (0x3)
[1107/185143.791:ERROR:directory_reader_win.cc(43)] FindFirstFile: The system cannot find the path specified. (0x3)
[1108/133642.573:ERROR:directory_reader_win.cc(43)] FindFirstFile: The system cannot find the path specified. (0x3)
[1108/164023.498:ERROR:directory_reader_win.cc(43)] FindFirstFile: The system cannot find the path specified. (0x3)
[1109/075954.540:ERROR:directory_reader_win.cc(43)] FindFirstFile: The system cannot find the path specified. (0x3)
[1110/141213.043:ERROR:directory_reader_win.cc(43)] FindFirstFile: The system cannot find the path specified. (0x3)
[1111/075645.358:ERROR:process_reader_win.cc(123)] NtOpenThread: {Access Denied} A process has requested access to an object, but has not been granted those access rights. (0xc0000022)
[1111/075645.436:ERROR:exception_snapshot_win.cc(99)] thread ID 10032 not found in process
[1111/150416.678:ERROR:directory_reader_win.cc(43)] FindFirstFile: The system cannot find the path specified. (0x3)
[1111/180232.510:ERROR:process_reader_win.cc(123)] NtOpenThread: {Access Denied} A process has requested access to an object, but has not been granted those access rights. (0xc0000022)
[1111/180232.573:ERROR:exception_snapshot_win.cc(99)] thread ID 2276 not found in process
[1114/092534.018:ERROR:directory_reader_win.cc(43)] FindFirstFile: The system cannot find the path specified. (0x3)
[1114/111802.221:ERROR:process_info.cc(329)] VirtualQueryEx: Access is denied. (0x5)
[1114/111802.221:ERROR:process_info.cc(556)] ReadMemoryInfo failed
[1114/111802.221:ERROR:process_memory_win.cc(39)] Failed to initialize ProcessInfo.
[1114/125109.164:ERROR:directory_reader_win.cc(43)] FindFirstFile: The system cannot find the path specified. (0x3)
[1115/144206.682:ERROR:directory_reader_win.cc(43)] FindFirstFile: The system cannot find the path specified. (0x3)
[1115/185811.536:ERROR:process_reader_win.cc(123)] NtOpenThread: {Access Denied} A process has requested access to an object, but has not been granted those access rights. (0xc0000022)
[1115/185811.598:ERROR:exception_snapshot_win.cc(99)] thread ID 7584 not found in process
[1115/185811.598:ERROR:scoped_process_suspend.cc(40)] NtResumeProcess: An attempt was made to access an exiting process. (0xc000010a)
[1115/192200.344:ERROR:directory_reader_win.cc(43)] FindFirstFile: The system cannot find the path specified. (0x3)
[1115/200111.761:ERROR:directory_reader_win.cc(43)] FindFirstFile: The system cannot find the path specified. (0x3)
[1115/210205.073:ERROR:directory_reader_win.cc(43)] FindFirstFile: The system cannot find the path specified. (0x3)
[1116/070409.784:ERROR:directory_reader_win.cc(43)] FindFirstFile: The system cannot find the path specified. (0x3)
[1116/103645.990:ERROR:process_reader_win.cc(151)] SuspendThread: Access is denied. (0x5)
[1116/103645.990:ERROR:process_reader_win.cc(151)] SuspendThread: Access is denied. (0x5)
[1116/103645.990:ERROR:process_reader_win.cc(151)] SuspendThread: Access is denied. (0x5)
[1116/103645.990:ERROR:process_reader_win.cc(151)] SuspendThread: Access is denied. (0x5)
[1116/103645.990:ERROR:process_reader_win.cc(151)] SuspendThread: Access is denied. (0x5)
[1116/103645.990:ERROR:process_reader_win.cc(151)] SuspendThread: Access is denied. (0x5)
[1116/103645.990:ERROR:process_reader_win.cc(151)] SuspendThread: Access is denied. (0x5)
[1116/152450.139:ERROR:directory_reader_win.cc(43)] FindFirstFile: The system cannot find the path specified. (0x3)
[1116/171833.180:ERROR:directory_reader_win.cc(43)] FindFirstFile: The system cannot find the path specified. (0x3)
[1117/204125.073:ERROR:directory_reader_win.cc(43)] FindFirstFile: The system cannot find the path specified. (0x3)
[1118/075506.946:ERROR:directory_reader_win.cc(43)] FindFirstFile: The system cannot find the path specified. (0x3)
[1118/114209.316:ERROR:directory_reader_win.cc(43)] FindFirstFile: The system cannot find the path specified. (0x3)
[1118/125404.545:ERROR:directory_reader_win.cc(43)] FindFirstFile: The system cannot find the path specified. (0x3)
[1118/160757.967:ERROR:process_reader_win.cc(123)] NtOpenThread: {Access Denied} A process has requested access to an object, but has not been granted those access rights. (0xc0000022)
[1118/160758.045:ERROR:process_reader_win.cc(123)] NtOpenThread: {Access Denied} A process has requested access to an object, but has not been granted those access rights. (0xc0000022)
[1118/160758.060:ERROR:exception_snapshot_win.cc(99)] thread ID 7676 not found in process
[1118/160758.060:ERROR:exception_snapshot_win.cc(99)] thread ID 6764 not found in process
[1118/163824.004:ERROR:directory_reader_win.cc(43)] FindFirstFile: The system cannot find the path specified. (0x3)
[1118/173159.504:ERROR:directory_reader_win.cc(43)] FindFirstFile: The system cannot find the path specified. (0x3)
[1119/065516.226:ERROR:directory_reader_win.cc(43)] FindFirstFile: The system cannot find the path specified. (0x3)
[1119/075540.053:ERROR:process_reader_win.cc(151)] SuspendThread: Access is denied. (0x5)
[1119/075540.053:ERROR:process_reader_win.cc(151)] SuspendThread: Access is denied. (0x5)
[1119/075540.053:ERROR:process_reader_win.cc(151)] SuspendThread: Access is denied. (0x5)
[1119/075540.053:ERROR:process_reader_win.cc(151)] SuspendThread: Access is denied. (0x5)
[1119/075540.053:ERROR:process_reader_win.cc(151)] SuspendThread: Access is denied. (0x5)
[1119/075540.053:ERROR:process_reader_win.cc(151)] SuspendThread: Access is denied. (0x5)
[1119/075540.053:ERROR:process_reader_win.cc(151)] SuspendThread: Access is denied. (0x5)
[1119/075540.053:ERROR:process_reader_win.cc(151)] SuspendThread: Access is denied. (0x5)
[1119/075540.053:ERROR:process_reader_win.cc(151)] SuspendThread: Access is denied. (0x5)
[1119/075540.053:ERROR:process_reader_win.cc(151)] SuspendThread: Access is denied. (0x5)
[1119/075540.053:ERROR:process_reader_win.cc(151)] SuspendThread: Access is denied. (0x5)
[1119/075540.053:ERROR:process_reader_win.cc(151)] SuspendThread: Access is denied. (0x5)
[1119/075540.053:ERROR:process_reader_win.cc(123)] NtOpenThread: {Access Denied} A process has requested access to an object, but has not been granted those access rights. (0xc0000022)
[1119/075540.069:ERROR:exception_snapshot_win.cc(99)] thread ID 3584 not found in process
[1119/211504.817:ERROR:directory_reader_win.cc(43)] FindFirstFile: The system cannot find the path specified. (0x3)
[1120/054558.551:ERROR:directory_reader_win.cc(43)] FindFirstFile: The system cannot find the path specified. (0x3)
[1120/145443.682:ERROR:process_reader_win.cc(123)] NtOpenThread: {Access Denied} A process has requested access to an object, but has not been granted those access rights. (0xc0000022)
[1120/145443.745:ERROR:exception_snapshot_win.cc(99)] thread ID 5188 not found in process
[1120/145443.651:ERROR:process_reader_win.cc(123)] NtOpenThread: {Access Denied} A process has requested access to an object, but has not been granted those access rights. (0xc0000022)
[1120/145443.745:ERROR:exception_snapshot_win.cc(99)] thread ID 9060 not found in process
[1120/160310.349:ERROR:directory_reader_win.cc(43)] FindFirstFile: The system cannot find the path specified. (0x3)
[1122/153301.473:ERROR:directory_reader_win.cc(43)] FindFirstFile: The system cannot find the path specified. (0x3)
[1122/173147.396:ERROR:directory_reader_win.cc(43)] FindFirstFile: The system cannot find the path specified. (0x3)
[1128/044956.410:ERROR:directory_reader_win.cc(43)] FindFirstFile: The system cannot find the path specified. (0x3)
[1128/053953.139:ERROR:process_reader_win.cc(151)] SuspendThread: Access is denied. (0x5)
[1128/053953.139:ERROR:process_reader_win.cc(151)] SuspendThread: Access is denied. (0x5)
[1128/053953.154:ERROR:process_reader_win.cc(151)] SuspendThread: Access is denied. (0x5)
[1128/053953.154:ERROR:process_reader_win.cc(151)] SuspendThread: Access is denied. (0x5)
[1128/053953.154:ERROR:process_reader_win.cc(151)] SuspendThread: Access is denied. (0x5)
[1128/053953.154:ERROR:process_reader_win.cc(151)] SuspendThread: Access is denied. (0x5)
[1128/053953.154:ERROR:process_reader_win.cc(151)] SuspendThread: Access is denied. (0x5)
[1128/053953.154:ERROR:process_reader_win.cc(151)] SuspendThread: Access is denied. (0x5)
[1128/053953.154:ERROR:process_reader_win.cc(151)] SuspendThread: Access is denied. (0x5)
[1128/053953.154:ERROR:process_reader_win.cc(151)] SuspendThread: Access is denied. (0x5)
[1128/053953.154:ERROR:process_reader_win.cc(151)] SuspendThread: Access is denied. (0x5)
[1128/053953.154:ERROR:process_reader_win.cc(151)] SuspendThread: Access is denied. (0x5)
[1128/053953.154:ERROR:process_reader_win.cc(151)] SuspendThread: Access is denied. (0x5)
[1128/053953.154:ERROR:process_reader_win.cc(151)] SuspendThread: Access is denied. (0x5)
[1128/053953.154:ERROR:process_reader_win.cc(151)] SuspendThread: Access is denied. (0x5)
[1128/053953.154:ERROR:process_reader_win.cc(151)] SuspendThread: Access is denied. (0x5)
[1128/053953.154:ERROR:process_reader_win.cc(123)] NtOpenThread: {Access Denied} A process has requested access to an object, but has not been granted those access rights. (0xc0000022)
[1128/053953.139:ERROR:process_reader_win.cc(123)] NtOpenThread: {Access Denied} A process has requested access to an object, but has not been granted those access rights. (0xc0000022)
[1128/053953.154:ERROR:exception_snapshot_win.cc(99)] thread ID 688 not found in process
[1128/053953.154:ERROR:exception_snapshot_win.cc(99)] thread ID 1800 not found in process
[1128/125626.643:ERROR:directory_reader_win.cc(43)] FindFirstFile: The system cannot find the path specified. (0x3)
[1128/133642.474:ERROR:process_reader_win.cc(123)] NtOpenThread: {Access Denied} A process has requested access to an object, but has not been granted those access rights. (0xc0000022)
[1128/133642.662:ERROR:exception_snapshot_win.cc(99)] thread ID 2160 not found in process
[1128/133642.506:ERROR:process_reader_win.cc(123)] NtOpenThread: {Access Denied} A process has requested access to an object, but has not been granted those access rights. (0xc0000022)
[1128/133642.662:ERROR:exception_snapshot_win.cc(99)] thread ID 7652 not found in process
[1129/153131.103:ERROR:directory_reader_win.cc(43)] FindFirstFile: The system cannot find the path specified. (0x3)
[1130/112233.582:ERROR:directory_reader_win.cc(43)] FindFirstFile: The system cannot find the path specified. (0x3)
[1130/182618.973:ERROR:process_reader_win.cc(123)] NtOpenThread: {Access Denied} A process has requested access to an object, but has not been granted those access rights. (0xc0000022)
[1130/182618.917:ERROR:process_reader_win.cc(123)] NtOpenThread: {Access Denied} A process has requested access to an object, but has not been granted those access rights. (0xc0000022)
[1130/182618.997:ERROR:exception_snapshot_win.cc(99)] thread ID 6240 not found in process
[1130/182618.997:ERROR:exception_snapshot_win.cc(99)] thread ID 4340 not found in process
[1130/182618.997:ERROR:scoped_process_suspend.cc(40)] NtResumeProcess: An attempt was made to access an exiting process. (0xc000010a)
[1130/193911.020:ERROR:directory_reader_win.cc(43)] FindFirstFile: The system cannot find the path specified. (0x3)
[1130/195143.590:ERROR:process_info.cc(329)] VirtualQueryEx: Access is denied. (0x5)
[1130/195143.590:ERROR:process_info.cc(556)] ReadMemoryInfo failed
[1130/195143.590:ERROR:process_memory_win.cc(39)] Failed to initialize ProcessInfo.
[1130/195143.590:ERROR:scoped_process_suspend.cc(40)] NtResumeProcess: An attempt was made to access an exiting process. (0xc000010a)
[1201/070710.098:ERROR:directory_reader_win.cc(43)] FindFirstFile: The system cannot find the path specified. (0x3)
[1201/073210.749:ERROR:process_reader_win.cc(151)] SuspendThread: Access is denied. (0x5)
[1201/073210.749:ERROR:process_reader_win.cc(151)] SuspendThread: Access is denied. (0x5)
[1201/073210.749:ERROR:process_reader_win.cc(123)] NtOpenThread: {Access Denied} A process has requested access to an object, but has not been granted those access rights. (0xc0000022)
[1201/073210.784:ERROR:exception_snapshot_win.cc(99)] thread ID 7476 not found in process
[1201/073210.832:ERROR:process_reader_win.cc(151)] SuspendThread: Access is denied. (0x5)
[1201/073210.832:ERROR:process_reader_win.cc(151)] SuspendThread: Access is denied. (0x5)
[1201/073210.832:ERROR:process_reader_win.cc(151)] SuspendThread: Access is denied. (0x5)
[1201/073210.832:ERROR:process_reader_win.cc(151)] SuspendThread: Access is denied. (0x5)
[1201/073210.832:ERROR:process_reader_win.cc(151)] SuspendThread: Access is denied. (0x5)
[1201/073210.832:ERROR:process_reader_win.cc(151)] SuspendThread: Access is denied. (0x5)
[1201/073210.832:ERROR:process_reader_win.cc(151)] SuspendThread: Access is denied. (0x5)
[1201/073210.832:ERROR:process_reader_win.cc(151)] SuspendThread: Access is denied. (0x5)
[1201/073210.832:ERROR:process_reader_win.cc(151)] SuspendThread: Access is denied. (0x5)
[1201/073210.832:ERROR:process_reader_win.cc(151)] SuspendThread: Access is denied. (0x5)
[1201/073210.832:ERROR:process_reader_win.cc(151)] SuspendThread: Access is denied. (0x5)
[1201/073210.832:ERROR:process_reader_win.cc(151)] SuspendThread: Access is denied. (0x5)
[1201/073210.832:ERROR:process_reader_win.cc(151)] SuspendThread: Access is denied. (0x5)
[1201/073210.832:ERROR:process_reader_win.cc(151)] SuspendThread: Access is denied. (0x5)
[1201/073210.832:ERROR:process_reader_win.cc(151)] SuspendThread: Access is denied. (0x5)
[1201/073210.832:ERROR:process_reader_win.cc(123)] NtOpenThread: {Access Denied} A process has requested access to an object, but has not been granted those access rights. (0xc0000022)
[1201/073210.832:ERROR:exception_snapshot_win.cc(99)] thread ID 1156 not found in process
[1201/073210.840:ERROR:process_reader_win.cc(151)] SuspendThread: Access is denied. (0x5)
[1201/073210.840:ERROR:process_reader_win.cc(151)] SuspendThread: Access is denied. (0x5)
[1201/073210.840:ERROR:process_reader_win.cc(151)] SuspendThread: Access is denied. (0x5)
[1201/073210.840:ERROR:process_reader_win.cc(151)] SuspendThread: Access is denied. (0x5)
[1201/073210.840:ERROR:process_reader_win.cc(151)] SuspendThread: Access is denied. (0x5)
[1201/073210.840:ERROR:process_reader_win.cc(151)] SuspendThread: Access is denied. (0x5)
[1201/073210.840:ERROR:process_reader_win.cc(151)] SuspendThread: Access is denied. (0x5)
[1201/073210.840:ERROR:process_reader_win.cc(151)] SuspendThread: Access is denied. (0x5)
[1201/073210.840:ERROR:process_reader_win.cc(151)] SuspendThread: Access is denied. (0x5)
[1201/073210.840:ERROR:process_reader_win.cc(151)] SuspendThread: Access is denied. (0x5)
[1201/073210.840:ERROR:process_reader_win.cc(151)] SuspendThread: Access is denied. (0x5)
[1201/073210.840:ERROR:process_reader_win.cc(151)] SuspendThread: Access is denied. (0x5)
[1201/073210.840:ERROR:process_reader_win.cc(151)] SuspendThread: Access is denied. (0x5)
[1201/073210.840:ERROR:process_reader_win.cc(151)] SuspendThread: Access is denied. (0x5)
[1201/073210.840:ERROR:process_reader_win.cc(151)] SuspendThread: Access is denied. (0x5)
[1201/073210.840:ERROR:process_reader_win.cc(151)] SuspendThread: Access is denied. (0x5)
[1201/073210.840:ERROR:process_reader_win.cc(123)] NtOpenThread: {Access Denied} A process has requested access to an object, but has not been granted those access rights. (0xc0000022)
[1201/073210.840:ERROR:exception_snapshot_win.cc(99)] thread ID 3004 not found in process
[1201/073210.896:ERROR:process_reader_win.cc(151)] SuspendThread: Access is denied. (0x5)
[1201/073210.896:ERROR:process_reader_win.cc(151)] SuspendThread: Access is denied. (0x5)
[1201/073210.896:ERROR:process_reader_win.cc(151)] SuspendThread: Access is denied. (0x5)
[1201/073210.896:ERROR:process_reader_win.cc(151)] SuspendThread: Access is denied. (0x5)
[1201/073210.896:ERROR:process_reader_win.cc(151)] SuspendThread: Access is denied. (0x5)
[1201/073210.896:ERROR:process_reader_win.cc(151)] SuspendThread: Access is denied. (0x5)
[1201/073210.896:ERROR:process_reader_win.cc(151)] SuspendThread: Access is denied. (0x5)
[1201/073210.896:ERROR:process_reader_win.cc(151)] SuspendThread: Access is denied. (0x5)
[1201/073210.896:ERROR:process_reader_win.cc(151)] SuspendThread: Access is denied. (0x5)
[1201/073210.896:ERROR:process_reader_win.cc(151)] SuspendThread: Access is denied. (0x5)
[1201/073210.896:ERROR:process_reader_win.cc(151)] SuspendThread: Access is denied. (0x5)
[1201/073210.896:ERROR:process_reader_win.cc(151)] SuspendThread: Access is denied. (0x5)
[1201/073210.896:ERROR:process_reader_win.cc(123)] NtOpenThread: {Access Denied} A process has requested access to an object, but has not been granted those access rights. (0xc0000022)
[1201/073210.896:ERROR:exception_snapshot_win.cc(99)] thread ID 328 not found in process
[1202/064719.047:ERROR:directory_reader_win.cc(43)] FindFirstFile: The system cannot find the path specified. (0x3)
[1202/095447.587:ERROR:process_info.cc(329)] VirtualQueryEx: Access is denied. (0x5)
[1202/095447.587:ERROR:process_info.cc(556)] ReadMemoryInfo failed
[1202/095447.587:ERROR:process_memory_win.cc(39)] Failed to initialize ProcessInfo.
[1202/095447.587:ERROR:process_reader_win.cc(123)] NtOpenThread: {Access Denied} A process has requested access to an object, but has not been granted those access rights. (0xc0000022)
[1202/095447.602:ERROR:exception_snapshot_win.cc(99)] thread ID 4768 not found in process
[1202/095447.587:ERROR:scoped_process_suspend.cc(40)] NtResumeProcess: An attempt was made to access an exiting process. (0xc000010a)
[1203/065514.233:ERROR:directory_reader_win.cc(43)] FindFirstFile: The system cannot find the path specified. (0x3)
[1203/183805.153:ERROR:directory_reader_win.cc(43)] FindFirstFile: The system cannot find the path specified. (0x3)
[1205/124823.567:ERROR:directory_reader_win.cc(43)] FindFirstFile: The system cannot find the path specified. (0x3)
[1206/072822.911:ERROR:directory_reader_win.cc(43)] FindFirstFile: The system cannot find the path specified. (0x3)
[1206/151957.710:ERROR:directory_reader_win.cc(43)] FindFirstFile: The system cannot find the path specified. (0x3)
[1206/194734.415:ERROR:directory_reader_win.cc(43)] FindFirstFile: The system cannot find the path specified. (0x3)
[1206/201621.096:ERROR:process_info.cc(329)] VirtualQueryEx: Access is denied. (0x5)
[1206/201621.096:ERROR:process_info.cc(556)] ReadMemoryInfo failed
[1206/201621.096:ERROR:process_memory_win.cc(39)] Failed to initialize ProcessInfo.
[1206/201621.096:ERROR:scoped_process_suspend.cc(40)] NtResumeProcess: An attempt was made to access an exiting process. (0xc000010a)
[1208/072812.466:ERROR:directory_reader_win.cc(43)] FindFirstFile: The system cannot find the path specified. (0x3)
[1208/165332.381:ERROR:directory_reader_win.cc(43)] FindFirstFile: The system cannot find the path specified. (0x3)
